<?xml version="1.0" encoding="UTF-8"?>
<!-- Generated by org.testng.reporters.JUnitReportReporter -->
<testsuite hostname="DEV-WORK-STN-67" name="example.NewTest" tests="1" failures="1" timestamp="25 Jul 2022 04:48:21 GMT" time="0.001" errors="0">
  <testcase name="testEasy" time="0.001" classname="example.NewTest">
    <failure type="org.openqa.selenium.WebDriverException" message="Failed to connect to binary FirefoxBinary(C:\Program Files\Mozilla Firefox\firefox.exe) on port 7055; process output follows: 
odules/TelemetryArchive.jsm:99:5
promiseArchivePing@resource://gre/modules/TelemetryArchive.jsm:59:33
_submitPingLogic@resource://gre/modules/TelemetryControllerParent.jsm:536:43
send@resource://gre/modules/TelemetryControllerParent.jsm:624:24
submitExternalPing@resource://gre/modules/TelemetryControllerParent.jsm:179:17
saveShutdownPings@resource://gre/modules/TelemetrySession.jsm:1008:31
shutdownChromeProcess/cleanup/&lt;@resource://gre/modules/TelemetrySession.jsm:1226:20
cleanup@resource://gre/modules/TelemetrySession.jsm:1233:9
shutdownChromeProcess@resource://gre/modules/TelemetrySession.jsm:1250:14
shutdown@resource://gre/modules/TelemetrySession.jsm:250:17
_cleanupOnShutdown@resource://gre/modules/TelemetryControllerParent.jsm:969:30
observe@resource://gre/modules/AsyncShutdown.jsm:575:16

WARNING: A blocker encountered an error while we were waiting.
          Blocker:  TelemetryController: shutting down
          Phase: profile-before-change-telemetry
          State: Error getting state: Error: Phase &quot;profile-before-change&quot; is finished, it is too late to register completion condition &quot;OS.File: flush I/O queued before profileBeforeChange&quot; at addBlocker@resource://gre/modules/AsyncShutdown.jsm:718:15
addBlocker@resource://gre/modules/AsyncShutdown.jsm:526:26
addBlocker@resource://gre/modules/AsyncShutdown.jsm:465:15
setupShutdown@resource://gre/modules/osfile/osfile_async_front.jsm:1564:28
@resource://gre/modules/osfile/osfile_async_front.jsm:1584:16
@resource://gre/modules/osfile.jsm:11:30
@resource://gre/modules/TelemetryStorage.jsm:18:28
getShutdownState@resource://gre/modules/TelemetrySend.jsm:1665:7
getShutdownState@resource://gre/modules/TelemetrySend.jsm:358:30
_getState@resource://gre/modules/TelemetryControllerParent.jsm:1073:33
setupTelemetry/&lt;@resource://gre/modules/TelemetryControllerParent.jsm:913:18
safeGetState@resource://gre/modules/AsyncShutdown.jsm:257:17
Barrier/addBlocker/promise&lt;@resource://gre/modules/AsyncShutdown.jsm:766:20
observe@resource://gre/modules/AsyncShutdown.jsm:575:16

WARNING: Error: Phase &quot;profile-before-change&quot; is finished, it is too late to register completion condition &quot;OS.File: flush I/O queued before profileBeforeChange&quot;
WARNING: addBlocker@resource://gre/modules/AsyncShutdown.jsm:718:15
addBlocker@resource://gre/modules/AsyncShutdown.jsm:526:26
addBlocker@resource://gre/modules/AsyncShutdown.jsm:465:15
setupShutdown@resource://gre/modules/osfile/osfile_async_front.jsm:1564:28
@resource://gre/modules/osfile/osfile_async_front.jsm:1584:16
@resource://gre/modules/osfile.jsm:11:30
@resource://gre/modules/TelemetryStorage.jsm:18:28
removeAbortedSessionPing@resource://gre/modules/TelemetryControllerParent.jsm:717:5
removeAbortedSessionPing@resource://gre/modules/TelemetryControllerParent.jsm:246:17
shutdownChromeProcess/cleanup/&lt;@resource://gre/modules/TelemetrySession.jsm:1229:37
observe@resource://gre/modules/AsyncShutdown.jsm:575:16

JavaScript error: resource://gre/modules/AsyncShutdown.jsm, line 718: Error: Phase &quot;profile-before-change&quot; is finished, it is too late to register completion condition &quot;OS.File: flush I/O queued before profileBeforeChange&quot;
JavaScript error: resource://gre/modules/AsyncShutdown.jsm, line 718: Error: Phase &quot;profile-before-change&quot; is finished, it is too late to register completion condition &quot;OS.File: flush I/O queued before profileBeforeChange&quot;
JavaScript error: resource://gre/modules/AsyncShutdown.jsm, line 718: Error: Phase &quot;profile-before-change&quot; is finished, it is too late to register completion condition &quot;OS.File: flush I/O queued before profileBeforeChange&quot;
JavaScript error: resource://gre/modules/AsyncShutdown.jsm, line 718: Error: Phase &quot;profile-before-change&quot; is finished, it is too late to register completion condition &quot;OS.File: flush I/O queued before profileBeforeChange&quot;
JavaScript error: resource://gre/modules/AsyncShutdown.jsm, line 718: Error: Phase &quot;profile-before-change&quot; is finished, it is too late to register completion condition &quot;OS.File: flush I/O queued before profileBeforeChange&quot;

Build info: version: &#039;2.45.0&#039;, revision: &#039;5017cb8e7ca8e37638dc3091b2440b90a1d8686f&#039;, time: &#039;2015-02-27 09:10:26&#039;
System info: host: &#039;DEV-WORK-STN-67&#039;, ip: &#039;10.10.32.67&#039;, os.name: &#039;Windows 8.1&#039;, os.arch: &#039;amd64&#039;, os.version: &#039;6.3&#039;, java.version: &#039;1.8.0_291&#039;
Driver info: driver.version: FirefoxDriver">
      <![CDATA[org.openqa.selenium.WebDriverException: Failed to connect to binary FirefoxBinary(C:\Program Files\Mozilla Firefox\firefox.exe) on port 7055; process output follows: 
odules/TelemetryArchive.jsm:99:5
promiseArchivePing@resource://gre/modules/TelemetryArchive.jsm:59:33
_submitPingLogic@resource://gre/modules/TelemetryControllerParent.jsm:536:43
send@resource://gre/modules/TelemetryControllerParent.jsm:624:24
submitExternalPing@resource://gre/modules/TelemetryControllerParent.jsm:179:17
saveShutdownPings@resource://gre/modules/TelemetrySession.jsm:1008:31
shutdownChromeProcess/cleanup/<@resource://gre/modules/TelemetrySession.jsm:1226:20
cleanup@resource://gre/modules/TelemetrySession.jsm:1233:9
shutdownChromeProcess@resource://gre/modules/TelemetrySession.jsm:1250:14
shutdown@resource://gre/modules/TelemetrySession.jsm:250:17
_cleanupOnShutdown@resource://gre/modules/TelemetryControllerParent.jsm:969:30
observe@resource://gre/modules/AsyncShutdown.jsm:575:16

WARNING: A blocker encountered an error while we were waiting.
          Blocker:  TelemetryController: shutting down
          Phase: profile-before-change-telemetry
          State: Error getting state: Error: Phase "profile-before-change" is finished, it is too late to register completion condition "OS.File: flush I/O queued before profileBeforeChange" at addBlocker@resource://gre/modules/AsyncShutdown.jsm:718:15
addBlocker@resource://gre/modules/AsyncShutdown.jsm:526:26
addBlocker@resource://gre/modules/AsyncShutdown.jsm:465:15
setupShutdown@resource://gre/modules/osfile/osfile_async_front.jsm:1564:28
@resource://gre/modules/osfile/osfile_async_front.jsm:1584:16
@resource://gre/modules/osfile.jsm:11:30
@resource://gre/modules/TelemetryStorage.jsm:18:28
getShutdownState@resource://gre/modules/TelemetrySend.jsm:1665:7
getShutdownState@resource://gre/modules/TelemetrySend.jsm:358:30
_getState@resource://gre/modules/TelemetryControllerParent.jsm:1073:33
setupTelemetry/<@resource://gre/modules/TelemetryControllerParent.jsm:913:18
safeGetState@resource://gre/modules/AsyncShutdown.jsm:257:17
Barrier/addBlocker/promise<@resource://gre/modules/AsyncShutdown.jsm:766:20
observe@resource://gre/modules/AsyncShutdown.jsm:575:16

WARNING: Error: Phase "profile-before-change" is finished, it is too late to register completion condition "OS.File: flush I/O queued before profileBeforeChange"
WARNING: addBlocker@resource://gre/modules/AsyncShutdown.jsm:718:15
addBlocker@resource://gre/modules/AsyncShutdown.jsm:526:26
addBlocker@resource://gre/modules/AsyncShutdown.jsm:465:15
setupShutdown@resource://gre/modules/osfile/osfile_async_front.jsm:1564:28
@resource://gre/modules/osfile/osfile_async_front.jsm:1584:16
@resource://gre/modules/osfile.jsm:11:30
@resource://gre/modules/TelemetryStorage.jsm:18:28
removeAbortedSessionPing@resource://gre/modules/TelemetryControllerParent.jsm:717:5
removeAbortedSessionPing@resource://gre/modules/TelemetryControllerParent.jsm:246:17
shutdownChromeProcess/cleanup/<@resource://gre/modules/TelemetrySession.jsm:1229:37
observe@resource://gre/modules/AsyncShutdown.jsm:575:16

JavaScript error: resource://gre/modules/AsyncShutdown.jsm, line 718: Error: Phase "profile-before-change" is finished, it is too late to register completion condition "OS.File: flush I/O queued before profileBeforeChange"
JavaScript error: resource://gre/modules/AsyncShutdown.jsm, line 718: Error: Phase "profile-before-change" is finished, it is too late to register completion condition "OS.File: flush I/O queued before profileBeforeChange"
JavaScript error: resource://gre/modules/AsyncShutdown.jsm, line 718: Error: Phase "profile-before-change" is finished, it is too late to register completion condition "OS.File: flush I/O queued before profileBeforeChange"
JavaScript error: resource://gre/modules/AsyncShutdown.jsm, line 718: Error: Phase "profile-before-change" is finished, it is too late to register completion condition "OS.File: flush I/O queued before profileBeforeChange"
JavaScript error: resource://gre/modules/AsyncShutdown.jsm, line 718: Error: Phase "profile-before-change" is finished, it is too late to register completion condition "OS.File: flush I/O queued before profileBeforeChange"

Build info: version: '2.45.0', revision: '5017cb8e7ca8e37638dc3091b2440b90a1d8686f', time: '2015-02-27 09:10:26'
System info: host: 'DEV-WORK-STN-67', ip: '10.10.32.67', os.name: 'Windows 8.1', os.arch: 'amd64', os.version: '6.3', java.version: '1.8.0_291'
Driver info: driver.version: FirefoxDriver
	at org.openqa.selenium.firefox.internal.NewProfileExtensionConnection.start(NewProfileExtensionConnection.java:130)
	at org.openqa.selenium.firefox.FirefoxDriver.startClient(FirefoxDriver.java:246)
	at org.openqa.selenium.remote.RemoteWebDriver.<init>(RemoteWebDriver.java:114)
	at org.openqa.selenium.firefox.FirefoxDriver.<init>(FirefoxDriver.java:191)
	at org.openqa.selenium.firefox.FirefoxDriver.<init>(FirefoxDriver.java:186)
	at org.openqa.selenium.firefox.FirefoxDriver.<init>(FirefoxDriver.java:182)
	at org.openqa.selenium.firefox.FirefoxDriver.<init>(FirefoxDriver.java:95)
	at example.NewTest.beforeTest(NewTest.java:20)
	at sun.reflect.NativeMethodAccessorImpl.invoke0(Native Method)
	at sun.reflect.NativeMethodAccessorImpl.invoke(NativeMethodAccessorImpl.java:62)
	at sun.reflect.DelegatingMethodAccessorImpl.invoke(DelegatingMethodAccessorImpl.java:43)
	at java.lang.reflect.Method.invoke(Method.java:498)
	at org.testng.internal.MethodInvocationHelper.invokeMethod(MethodInvocationHelper.java:84)
	at org.testng.internal.Invoker.invokeConfigurationMethod(Invoker.java:564)
	at org.testng.internal.Invoker.invokeConfigurations(Invoker.java:213)
	at org.testng.internal.Invoker.invokeConfigurations(Invoker.java:138)
	at org.testng.TestRunner.beforeRun(TestRunner.java:641)
	at org.testng.TestRunner.run(TestRunner.java:609)
	at org.testng.SuiteRunner.runTest(SuiteRunner.java:348)
	at org.testng.SuiteRunner.runSequentially(SuiteRunner.java:343)
	at org.testng.SuiteRunner.privateRun(SuiteRunner.java:305)
	at org.testng.SuiteRunner.run(SuiteRunner.java:254)
	at org.testng.SuiteRunnerWorker.runSuite(SuiteRunnerWorker.java:52)
	at org.testng.SuiteRunnerWorker.run(SuiteRunnerWorker.java:86)
	at org.testng.TestNG.runSuitesSequentially(TestNG.java:1224)
	at org.testng.TestNG.runSuitesLocally(TestNG.java:1149)
	at org.testng.TestNG.run(TestNG.java:1057)
	at org.testng.remote.AbstractRemoteTestNG.run(AbstractRemoteTestNG.java:132)
	at org.testng.remote.RemoteTestNG.initAndRun(RemoteTestNG.java:230)
	at org.testng.remote.RemoteTestNG.main(RemoteTestNG.java:76)
Caused by: org.openqa.selenium.firefox.NotConnectedException: Unable to connect to host 127.0.0.1 on port 7055 after 45000 ms. Firefox console output:
odules/TelemetryArchive.jsm:99:5
promiseArchivePing@resource://gre/modules/TelemetryArchive.jsm:59:33
_submitPingLogic@resource://gre/modules/TelemetryControllerParent.jsm:536:43
send@resource://gre/modules/TelemetryControllerParent.jsm:624:24
submitExternalPing@resource://gre/modules/TelemetryControllerParent.jsm:179:17
saveShutdownPings@resource://gre/modules/TelemetrySession.jsm:1008:31
shutdownChromeProcess/cleanup/<@resource://gre/modules/TelemetrySession.jsm:1226:20
cleanup@resource://gre/modules/TelemetrySession.jsm:1233:9
shutdownChromeProcess@resource://gre/modules/TelemetrySession.jsm:1250:14
shutdown@resource://gre/modules/TelemetrySession.jsm:250:17
_cleanupOnShutdown@resource://gre/modules/TelemetryControllerParent.jsm:969:30
observe@resource://gre/modules/AsyncShutdown.jsm:575:16

WARNING: A blocker encountered an error while we were waiting.
          Blocker:  TelemetryController: shutting down
          Phase: profile-before-change-telemetry
          State: Error getting state: Error: Phase "profile-before-change" is finished, it is too late to register completion condition "OS.File: flush I/O queued before profileBeforeChange" at addBlocker@resource://gre/modules/AsyncShutdown.jsm:718:15
addBlocker@resource://gre/modules/AsyncShutdown.jsm:526:26
addBlocker@resource://gre/modules/AsyncShutdown.jsm:465:15
setupShutdown@resource://gre/modules/osfile/osfile_async_front.jsm:1564:28
@resource://gre/modules/osfile/osfile_async_front.jsm:1584:16
@resource://gre/modules/osfile.jsm:11:30
@resource://gre/modules/TelemetryStorage.jsm:18:28
getShutdownState@resource://gre/modules/TelemetrySend.jsm:1665:7
getShutdownState@resource://gre/modules/TelemetrySend.jsm:358:30
_getState@resource://gre/modules/TelemetryControllerParent.jsm:1073:33
setupTelemetry/<@resource://gre/modules/TelemetryControllerParent.jsm:913:18
safeGetState@resource://gre/modules/AsyncShutdown.jsm:257:17
Barrier/addBlocker/promise<@resource://gre/modules/AsyncShutdown.jsm:766:20
observe@resource://gre/modules/AsyncShutdown.jsm:575:16

WARNING: Error: Phase "profile-before-change" is finished, it is too late to register completion condition "OS.File: flush I/O queued before profileBeforeChange"
WARNING: addBlocker@resource://gre/modules/AsyncShutdown.jsm:718:15
addBlocker@resource://gre/modules/AsyncShutdown.jsm:526:26
addBlocker@resource://gre/modules/AsyncShutdown.jsm:465:15
setupShutdown@resource://gre/modules/osfile/osfile_async_front.jsm:1564:28
@resource://gre/modules/osfile/osfile_async_front.jsm:1584:16
@resource://gre/modules/osfile.jsm:11:30
@resource://gre/modules/TelemetryStorage.jsm:18:28
removeAbortedSessionPing@resource://gre/modules/TelemetryControllerParent.jsm:717:5
removeAbortedSessionPing@resource://gre/modules/TelemetryControllerParent.jsm:246:17
shutdownChromeProcess/cleanup/<@resource://gre/modules/TelemetrySession.jsm:1229:37
observe@resource://gre/modules/AsyncShutdown.jsm:575:16

JavaScript error: resource://gre/modules/AsyncShutdown.jsm, line 718: Error: Phase "profile-before-change" is finished, it is too late to register completion condition "OS.File: flush I/O queued before profileBeforeChange"
JavaScript error: resource://gre/modules/AsyncShutdown.jsm, line 718: Error: Phase "profile-before-change" is finished, it is too late to register completion condition "OS.File: flush I/O queued before profileBeforeChange"
JavaScript error: resource://gre/modules/AsyncShutdown.jsm, line 718: Error: Phase "profile-before-change" is finished, it is too late to register completion condition "OS.File: flush I/O queued before profileBeforeChange"
JavaScript error: resource://gre/modules/AsyncShutdown.jsm, line 718: Error: Phase "profile-before-change" is finished, it is too late to register completion condition "OS.File: flush I/O queued before profileBeforeChange"
JavaScript error: resource://gre/modules/AsyncShutdown.jsm, line 718: Error: Phase "profile-before-change" is finished, it is too late to register completion condition "OS.File: flush I/O queued before profileBeforeChange"

	at org.openqa.selenium.firefox.internal.NewProfileExtensionConnection.start(NewProfileExtensionConnection.java:118)
	... 29 more
]]>
    </failure>
  </testcase> <!-- testEasy -->
</testsuite> <!-- example.NewTest -->
